This is pdfTeX, Version 3.14159265-2.6-1.40.19 (TeX Live 2018) (preloaded format=pdflatex 2018.6.8)  2 JUL 2018 11:47
entering extended mode
 restricted \write18 enabled.
 %&-line parsing enabled.
**Webscraper_TripAdvisor_Studienarbeit.tex
(./Webscraper_TripAdvisor_Studienarbeit.tex
LaTeX2e <2018-04-01> patch level 2
Babel <3.18> and hyphenation patterns for 84 language(s) loaded.
(/usr/local/texlive/2018/texmf-dist/tex/latex/base/report.cls
Document Class: report 2014/09/29 v1.4h Standard LaTeX document class
(/usr/local/texlive/2018/texmf-dist/tex/latex/base/size12.clo
File: size12.clo 2014/09/29 v1.4h Standard LaTeX file (size option)
)
\c@part=\count80
\c@chapter=\count81
\c@section=\count82
\c@subsection=\count83
\c@subsubsection=\count84
\c@paragraph=\count85
\c@subparagraph=\count86
\c@figure=\count87
\c@table=\count88
\abovecaptionskip=\skip41
\belowcaptionskip=\skip42
\bibindent=\dimen102
)
(/usr/local/texlive/2018/texmf-dist/tex/latex/base/inputenc.sty
Package: inputenc 2018/04/06 v1.3b Input encoding file
\inpenc@prehook=\toks14
\inpenc@posthook=\toks15
)
(/usr/local/texlive/2018/texmf-dist/tex/latex/base/fontenc.sty
Package: fontenc 2017/04/05 v2.0i Standard LaTeX package

(/usr/local/texlive/2018/texmf-dist/tex/latex/base/t1enc.def
File: t1enc.def 2017/04/05 v2.0i Standard LaTeX file
LaTeX Font Info:    Redeclaring font encoding T1 on input line 48.
))
(/usr/local/texlive/2018/texmf-dist/tex/lualatex/luainputenc/luainputenc.sty
Package: luainputenc 2010/11/19 v0.973 inputenc package for LuaTeX

(/usr/local/texlive/2018/texmf-dist/tex/generic/oberdiek/ifluatex.sty
Package: ifluatex 2016/05/16 v1.4 Provides the ifluatex switch (HO)
Package ifluatex Info: LuaTeX not detected.
)
(/usr/local/texlive/2018/texmf-dist/tex/generic/ifxetex/ifxetex.sty
Package: ifxetex 2010/09/12 v0.6 Provides ifxetex conditional
))
(/usr/local/texlive/2018/texmf-dist/tex/generic/babel/babel.sty
Package: babel 2018/02/14 3.18 The Babel package

(/usr/local/texlive/2018/texmf-dist/tex/generic/babel/switch.def
File: switch.def 2018/02/14 3.18 Babel switching mechanism
)
(/usr/local/texlive/2018/texmf-dist/tex/generic/babel-english/english.ldf
Language: english 2017/06/06 v3.3r English support from the babel system

(/usr/local/texlive/2018/texmf-dist/tex/generic/babel/babel.def
File: babel.def 2018/02/14 3.18 Babel common definitions
\babel@savecnt=\count89
\U@D=\dimen103

(/usr/local/texlive/2018/texmf-dist/tex/generic/babel/txtbabel.def)
\bbl@dirlevel=\count90
)
\l@canadian = a dialect from \language\l@american 
\l@australian = a dialect from \language\l@british 
\l@newzealand = a dialect from \language\l@british 
)
(/usr/local/texlive/2018/texmf-dist/tex/generic/babel-german/ngerman.ldf
Language: ngerman 2018/03/29 v2.10 German support for babel (post-1996 orthogra
phy)

(/usr/local/texlive/2018/texmf-dist/tex/generic/babel-german/ngermanb.ldf
Language: ngermanb 2018/03/29 v2.10 German support for babel (post-1996 orthogr
aphy)
Package babel Info: Making " an active character on input line 121.
)))
(/usr/local/texlive/2018/texmf-dist/tex/latex/microtype/microtype.sty
Package: microtype 2018/01/14 v2.7a Micro-typographical refinements (RS)

(/usr/local/texlive/2018/texmf-dist/tex/latex/graphics/keyval.sty
Package: keyval 2014/10/28 v1.15 key=value parser (DPC)
\KV@toks@=\toks16
)
\MT@toks=\toks17
\MT@count=\count91
LaTeX Info: Redefining \textls on input line 793.
\MT@outer@kern=\dimen104
LaTeX Info: Redefining \textmicrotypecontext on input line 1339.
\MT@listname@count=\count92

(/usr/local/texlive/2018/texmf-dist/tex/latex/microtype/microtype-pdftex.def
File: microtype-pdftex.def 2018/01/14 v2.7a Definitions specific to pdftex (RS)

LaTeX Info: Redefining \lsstyle on input line 913.
LaTeX Info: Redefining \lslig on input line 913.
\MT@outer@space=\skip43
)
Package microtype Info: Loading configuration file microtype.cfg.

(/usr/local/texlive/2018/texmf-dist/tex/latex/microtype/microtype.cfg
File: microtype.cfg 2018/01/14 v2.7a microtype main configuration file (RS)
))
(/usr/local/texlive/2018/texmf-dist/tex/latex/caption/caption.sty
Package: caption 2016/02/21 v3.3-144 Customizing captions (AR)

(/usr/local/texlive/2018/texmf-dist/tex/latex/caption/caption3.sty
Package: caption3 2016/05/22 v1.7-166 caption3 kernel (AR)
Package caption3 Info: TeX engine: e-TeX on input line 67.
\captionmargin=\dimen105
\captionmargin@=\dimen106
\captionwidth=\dimen107
\caption@tempdima=\dimen108
\caption@indent=\dimen109
\caption@parindent=\dimen110
\caption@hangindent=\dimen111
)
\c@ContinuedFloat=\count93
)
(/usr/local/texlive/2018/texmf-dist/tex/latex/graphics/graphicx.sty
Package: graphicx 2017/06/01 v1.1a Enhanced LaTeX Graphics (DPC,SPQR)

(/usr/local/texlive/2018/texmf-dist/tex/latex/graphics/graphics.sty
Package: graphics 2017/06/25 v1.2c Standard LaTeX Graphics (DPC,SPQR)

(/usr/local/texlive/2018/texmf-dist/tex/latex/graphics/trig.sty
Package: trig 2016/01/03 v1.10 sin cos tan (DPC)
)
(/usr/local/texlive/2018/texmf-dist/tex/latex/graphics-cfg/graphics.cfg
File: graphics.cfg 2016/06/04 v1.11 sample graphics configuration
)
Package graphics Info: Driver file: pdftex.def on input line 99.

(/usr/local/texlive/2018/texmf-dist/tex/latex/graphics-def/pdftex.def
File: pdftex.def 2018/01/08 v1.0l Graphics/color driver for pdftex
))
\Gin@req@height=\dimen112
\Gin@req@width=\dimen113
)
(/usr/local/texlive/2018/texmf-dist/tex/latex/float/float.sty
Package: float 2001/11/08 v1.3d Float enhancements (AL)
\c@float@type=\count94
\float@exts=\toks18
\float@box=\box26
\@float@everytoks=\toks19
\@floatcapt=\box27
)
(/usr/local/texlive/2018/texmf-dist/tex/latex/geometry/geometry.sty
Package: geometry 2018/03/24 v5.7 Page Geometry

(/usr/local/texlive/2018/texmf-dist/tex/generic/oberdiek/ifpdf.sty
Package: ifpdf 2017/03/15 v3.2 Provides the ifpdf switch
)
(/usr/local/texlive/2018/texmf-dist/tex/generic/oberdiek/ifvtex.sty
Package: ifvtex 2016/05/16 v1.6 Detect VTeX and its facilities (HO)
Package ifvtex Info: VTeX not detected.
)
\Gm@cnth=\count95
\Gm@cntv=\count96
\c@Gm@tempcnt=\count97
\Gm@bindingoffset=\dimen114
\Gm@wd@mp=\dimen115
\Gm@odd@mp=\dimen116
\Gm@even@mp=\dimen117
\Gm@layoutwidth=\dimen118
\Gm@layoutheight=\dimen119
\Gm@layouthoffset=\dimen120
\Gm@layoutvoffset=\dimen121
\Gm@dimlist=\toks20
)
(/usr/local/texlive/2018/texmf-dist/tex/latex/fancyhdr/fancyhdr.sty
Package: fancyhdr 2017/06/30 v3.9a Extensive control of page headers and footer
s
\f@nch@headwidth=\skip44
\f@nch@O@elh=\skip45
\f@nch@O@erh=\skip46
\f@nch@O@olh=\skip47
\f@nch@O@orh=\skip48
\f@nch@O@elf=\skip49
\f@nch@O@erf=\skip50
\f@nch@O@olf=\skip51
\f@nch@O@orf=\skip52
)
(/usr/local/texlive/2018/texmf-dist/tex/latex/footmisc/footmisc.sty
Package: footmisc 2011/06/06 v5.5b a miscellany of footnote facilities
\FN@temptoken=\toks21
\footnotemargin=\dimen122
\c@pp@next@reset=\count98
Package footmisc Info: Declaring symbol style bringhurst on input line 855.
Package footmisc Info: Declaring symbol style chicago on input line 863.
Package footmisc Info: Declaring symbol style wiley on input line 872.
Package footmisc Info: Declaring symbol style lamport-robust on input line 883.

Package footmisc Info: Declaring symbol style lamport* on input line 903.
Package footmisc Info: Declaring symbol style lamport*-robust on input line 924
.
)
(/usr/local/texlive/2018/texmf-dist/tex/latex/amsmath/amsmath.sty
Package: amsmath 2017/09/02 v2.17a AMS math features
\@mathmargin=\skip53

For additional information on amsmath, use the `?' option.
(/usr/local/texlive/2018/texmf-dist/tex/latex/amsmath/amstext.sty
Package: amstext 2000/06/29 v2.01 AMS text

(/usr/local/texlive/2018/texmf-dist/tex/latex/amsmath/amsgen.sty
File: amsgen.sty 1999/11/30 v2.0 generic functions
\@emptytoks=\toks22
\ex@=\dimen123
))
(/usr/local/texlive/2018/texmf-dist/tex/latex/amsmath/amsbsy.sty
Package: amsbsy 1999/11/29 v1.2d Bold Symbols
\pmbraise@=\dimen124
)
(/usr/local/texlive/2018/texmf-dist/tex/latex/amsmath/amsopn.sty
Package: amsopn 2016/03/08 v2.02 operator names
)
\inf@bad=\count99
LaTeX Info: Redefining \frac on input line 213.
\uproot@=\count100
\leftroot@=\count101
LaTeX Info: Redefining \overline on input line 375.
\classnum@=\count102
\DOTSCASE@=\count103
LaTeX Info: Redefining \ldots on input line 472.
LaTeX Info: Redefining \dots on input line 475.
LaTeX Info: Redefining \cdots on input line 596.
\Mathstrutbox@=\box28
\strutbox@=\box29
\big@size=\dimen125
LaTeX Font Info:    Redeclaring font encoding OML on input line 712.
LaTeX Font Info:    Redeclaring font encoding OMS on input line 713.
\macc@depth=\count104
\c@MaxMatrixCols=\count105
\dotsspace@=\muskip10
\c@parentequation=\count106
\dspbrk@lvl=\count107
\tag@help=\toks23
\row@=\count108
\column@=\count109
\maxfields@=\count110
\andhelp@=\toks24
\eqnshift@=\dimen126
\alignsep@=\dimen127
\tagshift@=\dimen128
\tagwidth@=\dimen129
\totwidth@=\dimen130
\lineht@=\dimen131
\@envbody=\toks25
\multlinegap=\skip54
\multlinetaggap=\skip55
\mathdisplay@stack=\toks26
LaTeX Info: Redefining \[ on input line 2817.
LaTeX Info: Redefining \] on input line 2818.
)
(/usr/local/texlive/2018/texmf-dist/tex/latex/psnfss/mathpazo.sty
Package: mathpazo 2005/04/12 PSNFSS-v9.2a Palatino w/ Pazo Math (D.Puga, WaS) 
\symupright=\mathgroup4
)
(/usr/local/texlive/2018/texmf-dist/tex/latex/titlesec/titlesec.sty
Package: titlesec 2016/03/21 v2.10.2 Sectioning titles
\ttl@box=\box30
\beforetitleunit=\skip56
\aftertitleunit=\skip57
\ttl@plus=\dimen132
\ttl@minus=\dimen133
\ttl@toksa=\toks27
\titlewidth=\dimen134
\titlewidthlast=\dimen135
\titlewidthfirst=\dimen136
)
(/usr/local/texlive/2018/texmf-dist/tex/latex/setspace/setspace.sty
Package: setspace 2011/12/19 v6.7a set line spacing
)
(/usr/local/texlive/2018/texmf-dist/tex/latex/colortbl/colortbl.sty
Package: colortbl 2012/02/13 v1.0a Color table columns (DPC)

(/usr/local/texlive/2018/texmf-dist/tex/latex/tools/array.sty
Package: array 2018/04/07 v2.4g Tabular extension package (FMi)
\col@sep=\dimen137
\ar@mcellbox=\box31
\extrarowheight=\dimen138
\NC@list=\toks28
\extratabsurround=\skip58
\backup@length=\skip59
\ar@cellbox=\box32
)
(/usr/local/texlive/2018/texmf-dist/tex/latex/graphics/color.sty
Package: color 2016/07/10 v1.1e Standard LaTeX Color (DPC)

(/usr/local/texlive/2018/texmf-dist/tex/latex/graphics-cfg/color.cfg
File: color.cfg 2016/01/02 v1.6 sample color configuration
)
Package color Info: Driver file: pdftex.def on input line 147.
)
\everycr=\toks29
\minrowclearance=\skip60
)
(/usr/local/texlive/2018/texmf-dist/tex/latex/tools/tabularx.sty
Package: tabularx 2016/02/03 v2.11b `tabularx' package (DPC)
\TX@col@width=\dimen139
\TX@old@table=\dimen140
\TX@old@col=\dimen141
\TX@target=\dimen142
\TX@delta=\dimen143
\TX@cols=\count111
\TX@ftn=\toks30
)
(/usr/local/texlive/2018/texmf-dist/tex/latex/multirow/multirow.sty
Package: multirow 2016/11/25 v2.2 Span multiple rows of a table
\multirow@colwidth=\skip61
\multirow@cntb=\count112
\multirow@dima=\skip62
\bigstrutjot=\dimen144
)
(/usr/local/texlive/2018/texmf-dist/tex/latex/listings/listings.sty
\lst@mode=\count113
\lst@gtempboxa=\box33
\lst@token=\toks31
\lst@length=\count114
\lst@currlwidth=\dimen145
\lst@column=\count115
\lst@pos=\count116
\lst@lostspace=\dimen146
\lst@width=\dimen147
\lst@newlines=\count117
\lst@lineno=\count118
\lst@maxwidth=\dimen148

(/usr/local/texlive/2018/texmf-dist/tex/latex/listings/lstmisc.sty
File: lstmisc.sty 2015/06/04 1.6 (Carsten Heinz)
\c@lstnumber=\count119
\lst@skipnumbers=\count120
\lst@framebox=\box34
)
(/usr/local/texlive/2018/texmf-dist/tex/latex/listings/listings.cfg
File: listings.cfg 2015/06/04 1.6 listings configuration
))
Package: listings 2015/06/04 1.6 (Carsten Heinz)

(/usr/local/texlive/2018/texmf-dist/tex/latex/xcolor/xcolor.sty
Package: xcolor 2016/05/11 v2.12 LaTeX color extensions (UK)

(/usr/local/texlive/2018/texmf-dist/tex/latex/graphics-cfg/color.cfg
File: color.cfg 2016/01/02 v1.6 sample color configuration
)
Package xcolor Info: Driver file: pdftex.def on input line 225.
LaTeX Info: Redefining \color on input line 709.
Package xcolor Info: Model `cmy' substituted by `cmy0' on input line 1348.
Package xcolor Info: Model `hsb' substituted by `rgb' on input line 1352.
Package xcolor Info: Model `RGB' extended on input line 1364.
Package xcolor Info: Model `HTML' substituted by `rgb' on input line 1366.
Package xcolor Info: Model `Hsb' substituted by `hsb' on input line 1367.
Package xcolor Info: Model `tHsb' substituted by `hsb' on input line 1368.
Package xcolor Info: Model `HSB' substituted by `hsb' on input line 1369.
Package xcolor Info: Model `Gray' substituted by `gray' on input line 1370.
Package xcolor Info: Model `wave' substituted by `hsb' on input line 1371.
)
(/usr/local/texlive/2018/texmf-dist/tex/latex/hyperref/hyperref.sty
Package: hyperref 2018/02/06 v6.86b Hypertext links for LaTeX

(/usr/local/texlive/2018/texmf-dist/tex/generic/oberdiek/hobsub-hyperref.sty
Package: hobsub-hyperref 2016/05/16 v1.14 Bundle oberdiek, subset hyperref (HO)


(/usr/local/texlive/2018/texmf-dist/tex/generic/oberdiek/hobsub-generic.sty
Package: hobsub-generic 2016/05/16 v1.14 Bundle oberdiek, subset generic (HO)
Package: hobsub 2016/05/16 v1.14 Construct package bundles (HO)
Package: infwarerr 2016/05/16 v1.4 Providing info/warning/error messages (HO)
Package: ltxcmds 2016/05/16 v1.23 LaTeX kernel commands for general use (HO)
Package hobsub Info: Skipping package `ifluatex' (already loaded).
Package hobsub Info: Skipping package `ifvtex' (already loaded).
Package: intcalc 2016/05/16 v1.2 Expandable calculations with integers (HO)
Package hobsub Info: Skipping package `ifpdf' (already loaded).
Package: etexcmds 2016/05/16 v1.6 Avoid name clashes with e-TeX commands (HO)
Package etexcmds Info: Could not find \expanded.
(etexcmds)             That can mean that you are not using pdfTeX 1.50 or
(etexcmds)             that some package has redefined \expanded.
(etexcmds)             In the latter case, load this package earlier.
Package: kvsetkeys 2016/05/16 v1.17 Key value parser (HO)
Package: kvdefinekeys 2016/05/16 v1.4 Define keys (HO)
Package: pdftexcmds 2018/01/30 v0.27 Utility functions of pdfTeX for LuaTeX (HO
)
Package pdftexcmds Info: LuaTeX not detected.
Package pdftexcmds Info: \pdf@primitive is available.
Package pdftexcmds Info: \pdf@ifprimitive is available.
Package pdftexcmds Info: \pdfdraftmode found.
Package: pdfescape 2016/05/16 v1.14 Implements pdfTeX's escape features (HO)
Package: bigintcalc 2016/05/16 v1.4 Expandable calculations on big integers (HO
)
Package: bitset 2016/05/16 v1.2 Handle bit-vector datatype (HO)
Package: uniquecounter 2016/05/16 v1.3 Provide unlimited unique counter (HO)
)
Package hobsub Info: Skipping package `hobsub' (already loaded).
Package: letltxmacro 2016/05/16 v1.5 Let assignment for LaTeX macros (HO)
Package: hopatch 2016/05/16 v1.3 Wrapper for package hooks (HO)
Package: xcolor-patch 2016/05/16 xcolor patch
Package: atveryend 2016/05/16 v1.9 Hooks at the very end of document (HO)
Package atveryend Info: \enddocument detected (standard20110627).
Package: atbegshi 2016/06/09 v1.18 At begin shipout hook (HO)
Package: refcount 2016/05/16 v3.5 Data extraction from label references (HO)
Package: hycolor 2016/05/16 v1.8 Color options for hyperref/bookmark (HO)
)
(/usr/local/texlive/2018/texmf-dist/tex/latex/oberdiek/auxhook.sty
Package: auxhook 2016/05/16 v1.4 Hooks for auxiliary files (HO)
)
(/usr/local/texlive/2018/texmf-dist/tex/latex/oberdiek/kvoptions.sty
Package: kvoptions 2016/05/16 v3.12 Key value format for package options (HO)
)
\@linkdim=\dimen149
\Hy@linkcounter=\count121
\Hy@pagecounter=\count122

(/usr/local/texlive/2018/texmf-dist/tex/latex/hyperref/pd1enc.def
File: pd1enc.def 2018/02/06 v6.86b Hyperref: PDFDocEncoding definition (HO)
Now handling font encoding PD1 ...
... no UTF-8 mapping file for font encoding PD1
)
\Hy@SavedSpaceFactor=\count123

(/usr/local/texlive/2018/texmf-dist/tex/latex/latexconfig/hyperref.cfg
File: hyperref.cfg 2002/06/06 v1.2 hyperref configuration of TeXLive
)
Package hyperref Info: Option `colorlinks' set `true' on input line 4383.
Package hyperref Info: Hyper figures OFF on input line 4509.
Package hyperref Info: Link nesting OFF on input line 4514.
Package hyperref Info: Hyper index ON on input line 4517.
Package hyperref Info: Plain pages OFF on input line 4524.
Package hyperref Info: Backreferencing OFF on input line 4529.
Package hyperref Info: Implicit mode ON; LaTeX internals redefined.
Package hyperref Info: Bookmarks ON on input line 4762.
\c@Hy@tempcnt=\count124

(/usr/local/texlive/2018/texmf-dist/tex/latex/url/url.sty
\Urlmuskip=\muskip11
Package: url 2013/09/16  ver 3.4  Verb mode for urls, etc.
)
LaTeX Info: Redefining \url on input line 5115.
\XeTeXLinkMargin=\dimen150
\Fld@menulength=\count125
\Field@Width=\dimen151
\Fld@charsize=\dimen152
Package hyperref Info: Hyper figures OFF on input line 6369.
Package hyperref Info: Link nesting OFF on input line 6374.
Package hyperref Info: Hyper index ON on input line 6377.
Package hyperref Info: backreferencing OFF on input line 6384.
Package hyperref Info: Link coloring ON on input line 6387.
Package hyperref Info: Link coloring with OCG OFF on input line 6394.
Package hyperref Info: PDF/A mode OFF on input line 6399.
LaTeX Info: Redefining \ref on input line 6439.
LaTeX Info: Redefining \pageref on input line 6443.
\Hy@abspage=\count126
\c@Item=\count127
\c@Hfootnote=\count128
)
Package hyperref Info: Driver (autodetected): hpdftex.

(/usr/local/texlive/2018/texmf-dist/tex/latex/hyperref/hpdftex.def
File: hpdftex.def 2018/02/06 v6.86b Hyperref driver for pdfTeX
\Fld@listcount=\count129
\c@bookmark@seq@number=\count130

(/usr/local/texlive/2018/texmf-dist/tex/latex/oberdiek/rerunfilecheck.sty
Package: rerunfilecheck 2016/05/16 v1.8 Rerun checks for auxiliary files (HO)
Package uniquecounter Info: New unique counter `rerunfilecheck' on input line 2
82.
)
\Hy@SectionHShift=\skip63
)
(/usr/local/texlive/2018/texmf-dist/tex/generic/dirtree/dirtree.sty
Package: dirtree 2012/12/11 v0.32 package wrapper for dirtree

(/usr/local/texlive/2018/texmf-dist/tex/generic/dirtree/dirtree.tex
`dirtree' v0.32, 2012/12/11 (jcc)
\DT@offset=\dimen153
\DT@width=\dimen154
\DT@sep=\dimen155
\DT@all=\dimen156
\DT@rulewidth=\dimen157
\DT@dotwidth=\dimen158
\DTbaselineskip=\dimen159
\DT@counti=\count131
\DT@countii=\count132
\DT@countiii=\count133
\DT@countiv=\count134
\DT@indent=\dimen160
\DT@parskip=\dimen161
\DT@baselineskip=\dimen162
)
File: dirtree.tex 2012/12/11 v0.32 `dirtree' (jcc)
)
(/usr/local/texlive/2018/texmf-dist/tex/latex/subfigure/subfigure.sty
Package: subfigure 2002/03/15 v2.1.5 subfigure package
\subfigtopskip=\skip64
\subfigcapskip=\skip65
\subfigcaptopadj=\dimen163
\subfigbottomskip=\skip66
\subfigcapmargin=\dimen164
\subfiglabelskip=\skip67
\c@subfigure=\count135
\c@lofdepth=\count136
\c@subtable=\count137
\c@lotdepth=\count138

****************************************
* Local config file subfigure.cfg used *
****************************************
(/usr/local/texlive/2018/texmf-dist/tex/latex/subfigure/subfigure.cfg)
\subfig@top=\skip68
\subfig@bottom=\skip69
)
(/usr/local/texlive/2018/texmf-dist/tex/latex/acronym/acronym.sty
Package: acronym 2015/03/21 v1.41 Support for acronyms (Tobias Oetiker)

(/usr/local/texlive/2018/texmf-dist/tex/latex/bigfoot/suffix.sty
Package: suffix 2006/07/15 1.5a Variant command support
)
(/usr/local/texlive/2018/texmf-dist/tex/generic/xstring/xstring.sty
(/usr/local/texlive/2018/texmf-dist/tex/generic/xstring/xstring.tex
\@xs@message=\write3
\integerpart=\count139
\decimalpart=\count140
)
Package: xstring 2013/10/13  v1.7c  String manipulations (C Tellechea)
)
\AC@clearlist=\toks32
)
(/usr/local/texlive/2018/texmf-dist/tex/latex/soul/soul.sty
Package: soul 2003/11/17 v2.4 letterspacing/underlining (mf)
\SOUL@word=\toks33
\SOUL@lasttoken=\toks34
\SOUL@cmds=\toks35
\SOUL@buffer=\toks36
\SOUL@token=\toks37
\SOUL@spaceskip=\skip70
\SOUL@ttwidth=\dimen165
\SOUL@uldp=\dimen166
\SOUL@ulht=\dimen167
)
(/usr/local/texlive/2018/texmf-dist/tex/latex/wrapfig/wrapfig.sty
\wrapoverhang=\dimen168
\WF@size=\dimen169
\c@WF@wrappedlines=\count141
\WF@box=\box35
\WF@everypar=\toks38
Package: wrapfig 2003/01/31  v 3.6
)
(/usr/local/texlive/2018/texmf-dist/tex/latex/booktabs/booktabs.sty
Package: booktabs 2016/04/27 v1.618033 publication quality tables
\heavyrulewidth=\dimen170
\lightrulewidth=\dimen171
\cmidrulewidth=\dimen172
\belowrulesep=\dimen173
\belowbottomsep=\dimen174
\aboverulesep=\dimen175
\abovetopsep=\dimen176
\cmidrulesep=\dimen177
\cmidrulekern=\dimen178
\defaultaddspace=\dimen179
\@cmidla=\count142
\@cmidlb=\count143
\@aboverulesep=\dimen180
\@belowrulesep=\dimen181
\@thisruleclass=\count144
\@lastruleclass=\count145
\@thisrulewidth=\dimen182
)
(/usr/local/texlive/2018/texmf-dist/tex/latex/listings/lstlang1.sty
File: lstlang1.sty 2015/06/04 1.6 listings language file
)
(/usr/local/texlive/2018/texmf-dist/tex/latex/listings/lstlang1.sty
File: lstlang1.sty 2015/06/04 1.6 listings language file
)
(/usr/local/texlive/2018/texmf-dist/tex/latex/listings/lstmisc.sty
File: lstmisc.sty 2015/06/04 1.6 (Carsten Heinz)
)
(./Webscraper_TripAdvisor_Studienarbeit.aux (./Deckblatt/deckblatt.aux)

LaTeX Warning: Label `forpages' multiply defined.


LaTeX Warning: Label `forpages' multiply defined.


LaTeX Warning: Label `forpages' multiply defined.


LaTeX Warning: Label `forpages' multiply defined.

)
\openout1 = `Webscraper_TripAdvisor_Studienarbeit.aux'.

LaTeX Font Info:    Checking defaults for OML/cmm/m/it on input line 137.
LaTeX Font Info:    ... okay on input line 137.
LaTeX Font Info:    Checking defaults for T1/cmr/m/n on input line 137.
LaTeX Font Info:    ... okay on input line 137.
LaTeX Font Info:    Checking defaults for OT1/cmr/m/n on input line 137.
LaTeX Font Info:    ... okay on input line 137.
LaTeX Font Info:    Checking defaults for OMS/cmsy/m/n on input line 137.
LaTeX Font Info:    ... okay on input line 137.
LaTeX Font Info:    Checking defaults for OMX/cmex/m/n on input line 137.
LaTeX Font Info:    ... okay on input line 137.
LaTeX Font Info:    Checking defaults for U/cmr/m/n on input line 137.
LaTeX Font Info:    ... okay on input line 137.
LaTeX Font Info:    Checking defaults for PD1/pdf/m/n on input line 137.
LaTeX Font Info:    ... okay on input line 137.
LaTeX Font Info:    Try loading font information for T1+ppl on input line 137.
 (/usr/local/texlive/2018/texmf-dist/tex/latex/psnfss/t1ppl.fd
File: t1ppl.fd 2001/06/04 font definitions for T1/ppl.
)
LaTeX Info: Redefining \microtypecontext on input line 137.
Package microtype Info: Generating PDF output.
Package microtype Info: Character protrusion enabled (level 2).
Package microtype Info: Using default protrusion set `alltext'.
Package microtype Info: Automatic font expansion enabled (level 2),
(microtype)             stretch: 20, shrink: 20, step: 1, non-selected.
Package microtype Info: Using default expansion set `basictext'.
Package microtype Info: No adjustment of tracking.
Package microtype Info: No adjustment of interword spacing.
Package microtype Info: No adjustment of character kerning.

(/usr/local/texlive/2018/texmf-dist/tex/latex/microtype/mt-ppl.cfg
File: mt-ppl.cfg 2005/11/16 v1.6 microtype config. file: Palatino (RS)
)
Package caption Info: Begin \AtBeginDocument code.
Package caption Info: float package is loaded.
Package caption Info: hyperref package is loaded.
Package caption Info: listings package is loaded.
Package caption Info: subfigure package is loaded.
Package caption Info: wrapfig package is loaded.
Package caption Info: End \AtBeginDocument code.

(/usr/local/texlive/2018/texmf-dist/tex/context/base/mkii/supp-pdf.mkii
[Loading MPS to PDF converter (version 2006.09.02).]
\scratchcounter=\count146
\scratchdimen=\dimen183
\scratchbox=\box36
\nofMPsegments=\count147
\nofMParguments=\count148
\everyMPshowfont=\toks39
\MPscratchCnt=\count149
\MPscratchDim=\dimen184
\MPnumerator=\count150
\makeMPintoPDFobject=\count151
\everyMPtoPDFconversion=\toks40
) (/usr/local/texlive/2018/texmf-dist/tex/latex/oberdiek/epstopdf-base.sty
Package: epstopdf-base 2016/05/15 v2.6 Base part for package epstopdf

(/usr/local/texlive/2018/texmf-dist/tex/latex/oberdiek/grfext.sty
Package: grfext 2016/05/16 v1.2 Manage graphics extensions (HO)
)
Package epstopdf-base Info: Redefining graphics rule for `.eps' on input line 4
38.
Package grfext Info: Graphics extension search list:
(grfext)             [.pdf,.png,.jpg,.mps,.jpeg,.jbig2,.jb2,.PDF,.PNG,.JPG,.JPE
G,.JBIG2,.JB2,.eps]
(grfext)             \AppendGraphicsExtensions on input line 456.

(/usr/local/texlive/2018/texmf-dist/tex/latex/latexconfig/epstopdf-sys.cfg
File: epstopdf-sys.cfg 2010/07/13 v1.3 Configuration of (r)epstopdf for TeX Liv
e
))
*geometry* driver: auto-detecting
*geometry* detected driver: pdftex
*geometry* verbose mode - [ preamble ] result:
* driver: pdftex
* paper: a4paper
* layout: <same size as paper>
* layoutoffset:(h,v)=(0.0pt,0.0pt)
* modes: 
* h-part:(L,W,R)=(85.35826pt, 441.01773pt, 71.13188pt)
* v-part:(T,H,B)=(85.35826pt, 674.33032pt, 85.35826pt)
* \paperwidth=597.50787pt
* \paperheight=845.04684pt
* \textwidth=441.01773pt
* \textheight=674.33032pt
* \oddsidemargin=13.08827pt
* \evensidemargin=13.08827pt
* \topmargin=-23.91173pt
* \headheight=20.0pt
* \headsep=25.0pt
* \topskip=12.0pt
* \footskip=30.0pt
* \marginparwidth=35.0pt
* \marginparsep=10.0pt
* \columnsep=10.0pt
* \skip\footins=10.8pt plus 4.0pt minus 2.0pt
* \hoffset=0.0pt
* \voffset=0.0pt
* \mag=1000
* \@twocolumnfalse
* \@twosidefalse
* \@mparswitchfalse
* \@reversemarginfalse
* (1in=72.27pt=25.4mm, 1cm=28.453pt)

\c@lstlisting=\count152
\AtBeginShipoutBox=\box37
Package hyperref Info: Link coloring ON on input line 137.
(/usr/local/texlive/2018/texmf-dist/tex/latex/hyperref/nameref.sty
Package: nameref 2016/05/21 v2.44 Cross-referencing by name of section

(/usr/local/texlive/2018/texmf-dist/tex/generic/oberdiek/gettitlestring.sty
Package: gettitlestring 2016/05/16 v1.5 Cleanup title references (HO)
)
\c@section@level=\count153
)
LaTeX Info: Redefining \ref on input line 137.
LaTeX Info: Redefining \pageref on input line 137.
LaTeX Info: Redefining \nameref on input line 137.

(./Webscraper_TripAdvisor_Studienarbeit.out)
(./Webscraper_TripAdvisor_Studienarbeit.out)
\@outlinefile=\write4
\openout4 = `Webscraper_TripAdvisor_Studienarbeit.out'.

\openout2 = `Deckblatt/deckblatt.aux'.

 (./Deckblatt/deckblatt.tex
<Bilder/HM1_logo.png, id=151, 455.301pt x 231.921pt>
File: Bilder/HM1_logo.png Graphic file (type png)
<use Bilder/HM1_logo.png>
Package pdftex.def Info: Bilder/HM1_logo.png  used on input line 5.
(pdftex.def)             Requested size: 227.64993pt x 115.9602pt.
LaTeX Font Info:    Font shape `T1/ppl/bx/n' in size <24.88> not available
(Font)              Font shape `T1/ppl/b/n' tried instead on input line 18.
LaTeX Font Info:    Try loading font information for OT1+ppl on input line 32.

(/usr/local/texlive/2018/texmf-dist/tex/latex/psnfss/ot1ppl.fd
File: ot1ppl.fd 2001/06/04 font definitions for OT1/ppl.
)
LaTeX Font Info:    Try loading font information for OML+zplm on input line 32.


(/usr/local/texlive/2018/texmf-dist/tex/latex/psnfss/omlzplm.fd
File: omlzplm.fd 2002/09/08 Fontinst v1.914 font definitions for OML/zplm.
)
LaTeX Font Info:    Try loading font information for OMS+zplm on input line 32.


(/usr/local/texlive/2018/texmf-dist/tex/latex/psnfss/omszplm.fd
File: omszplm.fd 2002/09/08 Fontinst v1.914 font definitions for OMS/zplm.
)
LaTeX Font Info:    Try loading font information for OMX+zplm on input line 32.


(/usr/local/texlive/2018/texmf-dist/tex/latex/psnfss/omxzplm.fd
File: omxzplm.fd 2002/09/08 Fontinst v1.914 font definitions for OMX/zplm.
)
LaTeX Font Info:    Try loading font information for OT1+zplm on input line 32.


(/usr/local/texlive/2018/texmf-dist/tex/latex/psnfss/ot1zplm.fd
File: ot1zplm.fd 2002/09/08 Fontinst v1.914 font definitions for OT1/zplm.
)
Package microtype Info: Loading generic protrusion settings for font family
(microtype)             `zplm' (encoding: OT1).
(microtype)             For optimal results, create family-specific settings.
(microtype)             See the microtype manual for details.

Underfull \hbox (badness 10000) in paragraph at lines 48--48

 []


Underfull \hbox (badness 10000) in paragraph at lines 50--50

 []


Underfull \hbox (badness 10000) in paragraph at lines 52--52

 []


Underfull \hbox (badness 10000) in paragraph at lines 54--54

 []


Underfull \hbox (badness 10000) in paragraph at lines 56--56

 []


Underfull \hbox (badness 10000) in paragraph at lines 58--58

 []


Overfull \hbox (26.30827pt too wide) in paragraph at lines 32--61
[]  
 []

Package babel Info: Redefining ngerman shorthand "|
(babel)             in language  on input line 61.
Package babel Info: Redefining ngerman shorthand "~
(babel)             in language  on input line 61.
Package babel Info: Redefining ngerman shorthand "|
(babel)             in language  on input line 61.
Package babel Info: Redefining ngerman shorthand "~
(babel)             in language  on input line 61.
[1


{/usr/local/texlive/2018/texmf-var/fonts/map/pdftex/updmap/pdftex.map} <./Bilde
r/HM1_logo.png>])
Package babel Info: Redefining ngerman shorthand "|
(babel)             in language  on input line 138.
Package babel Info: Redefining ngerman shorthand "~
(babel)             in language  on input line 138.
Package babel Info: Redefining ngerman shorthand "|
(babel)             in language  on input line 138.
Package babel Info: Redefining ngerman shorthand "~
(babel)             in language  on input line 138.
 [2]
LaTeX Font Info:    Font shape `T1/ppl/bx/n' in size <12> not available
(Font)              Font shape `T1/ppl/b/n' tried instead on input line 144.
 (./Webscraper_TripAdvisor_Studienarbeit.toc
Package babel Info: Redefining ngerman shorthand "|
(babel)             in language  on input line 37.
Package babel Info: Redefining ngerman shorthand "~
(babel)             in language  on input line 37.
Package babel Info: Redefining ngerman shorthand "|
(babel)             in language  on input line 37.
Package babel Info: Redefining ngerman shorthand "~
(babel)             in language  on input line 37.
 [1


])
\tf@toc=\write5
\openout5 = `Webscraper_TripAdvisor_Studienarbeit.toc'.

Package babel Info: Redefining ngerman shorthand "|
(babel)             in language  on input line 154.
Package babel Info: Redefining ngerman shorthand "~
(babel)             in language  on input line 154.
Package babel Info: Redefining ngerman shorthand "|
(babel)             in language  on input line 154.
Package babel Info: Redefining ngerman shorthand "~
(babel)             in language  on input line 154.
pdfTeX warning (ext4): destination with the same identifier (name{page.1}) has 
been already used, duplicate ignored
<to be read again> 
                   \relax 
l.154 	\chapter
               [Problemstellung - Johannes Knippel]{Problemstellung}\label{p...
[1]
 1.
Package babel Info: Redefining ngerman shorthand "|
(babel)             in language  on input line 154.
Package babel Info: Redefining ngerman shorthand "~
(babel)             in language  on input line 154.

Underfull \hbox (badness 10000) in paragraph at lines 156--164

 []

Package babel Info: Redefining ngerman shorthand "|
(babel)             in language  on input line 164.
Package babel Info: Redefining ngerman shorthand "~
(babel)             in language  on input line 164.
Package babel Info: Redefining ngerman shorthand "|
(babel)             in language  on input line 164.
Package babel Info: Redefining ngerman shorthand "~
(babel)             in language  on input line 164.
pdfTeX warning (ext4): destination with the same identifier (name{page.2}) has 
been already used, duplicate ignored
<to be read again> 
                   \relax 
l.164 		
         [2

]
Package babel Info: Redefining ngerman shorthand "|
(babel)             in language  on input line 168.
Package babel Info: Redefining ngerman shorthand "~
(babel)             in language  on input line 168.
Package babel Info: Redefining ngerman shorthand "|
(babel)             in language  on input line 168.
Package babel Info: Redefining ngerman shorthand "~
(babel)             in language  on input line 168.
 [3]
 2.
Package babel Info: Redefining ngerman shorthand "|
(babel)             in language  on input line 168.
Package babel Info: Redefining ngerman shorthand "~
(babel)             in language  on input line 168.
LaTeX Font Info:    Font shape `T1/ppl/bx/n' in size <17.28> not available
(Font)              Font shape `T1/ppl/b/n' tried instead on input line 172.
Package babel Info: Redefining ngerman shorthand "|
(babel)             in language  on input line 172.
Package babel Info: Redefining ngerman shorthand "~
(babel)             in language  on input line 172.
Package babel Info: Redefining ngerman shorthand "|
(babel)             in language  on input line 185.
Package babel Info: Redefining ngerman shorthand "~
(babel)             in language  on input line 185.
Package babel Info: Redefining ngerman shorthand "|
(babel)             in language  on input line 185.
Package babel Info: Redefining ngerman shorthand "~
(babel)             in language  on input line 185.
[4

]
Package babel Info: Redefining ngerman shorthand "|
(babel)             in language  on input line 187.
Package babel Info: Redefining ngerman shorthand "~
(babel)             in language  on input line 187.
LaTeX Font Info:    Font shape `T1/ppl/bx/n' in size <14.4> not available
(Font)              Font shape `T1/ppl/b/n' tried instead on input line 196.
Package babel Info: Redefining ngerman shorthand "|
(babel)             in language  on input line 196.
Package babel Info: Redefining ngerman shorthand "~
(babel)             in language  on input line 196.
Package babel Info: Redefining ngerman shorthand "|
(babel)             in language  on input line 201.
Package babel Info: Redefining ngerman shorthand "~
(babel)             in language  on input line 201.
Package babel Info: Redefining ngerman shorthand "|
(babel)             in language  on input line 201.
Package babel Info: Redefining ngerman shorthand "~
(babel)             in language  on input line 201.
 [5]
<Bilder/BeispielAnzahlSterne.png, id=239, 454.3374pt x 54.9252pt>
File: Bilder/BeispielAnzahlSterne.png Graphic file (type png)
<use Bilder/BeispielAnzahlSterne.png>
Package pdftex.def Info: Bilder/BeispielAnzahlSterne.png  used on input line 20
5.
(pdftex.def)             Requested size: 396.91325pt x 47.98482pt.
<Bilder/Webcrawler.png, id=244, 409.0482pt x 236.5638pt>
File: Bilder/Webcrawler.png Graphic file (type png)
<use Bilder/Webcrawler.png>
Package pdftex.def Info: Bilder/Webcrawler.png  used on input line 218.
(pdftex.def)             Requested size: 264.61333pt x 153.0391pt.
Package babel Info: Redefining ngerman shorthand "|
(babel)             in language  on input line 225.
Package babel Info: Redefining ngerman shorthand "~
(babel)             in language  on input line 225.
Package babel Info: Redefining ngerman shorthand "|
(babel)             in language  on input line 225.
Package babel Info: Redefining ngerman shorthand "~
(babel)             in language  on input line 225.
 [6 <./Bilder/BeispielAnzahlSterne.png> <./Bilder/Webcrawler.png>]
Package babel Info: Redefining ngerman shorthand "|
(babel)             in language  on input line 226.
Package babel Info: Redefining ngerman shorthand "~
(babel)             in language  on input line 226.
Package babel Info: Redefining ngerman shorthand "|
(babel)             in language  on input line 233.
Package babel Info: Redefining ngerman shorthand "~
(babel)             in language  on input line 233.
<Bilder/LogoTripadvisor.png, id=258, 113.7048pt x 20.7174pt>
File: Bilder/LogoTripadvisor.png Graphic file (type png)
<use Bilder/LogoTripadvisor.png>
Package pdftex.def Info: Bilder/LogoTripadvisor.png  used on input line 242.
(pdftex.def)             Requested size: 132.30666pt x 24.1068pt.
Package babel Info: Redefining ngerman shorthand "|
(babel)             in language  on input line 252.
Package babel Info: Redefining ngerman shorthand "~
(babel)             in language  on input line 252.
Package babel Info: Redefining ngerman shorthand "|
(babel)             in language  on input line 252.
Package babel Info: Redefining ngerman shorthand "~
(babel)             in language  on input line 252.

[7 <./Bilder/LogoTripadvisor.png>]
 3.
Package babel Info: Redefining ngerman shorthand "|
(babel)             in language  on input line 252.
Package babel Info: Redefining ngerman shorthand "~
(babel)             in language  on input line 252.

Overfull \hbox (17.09937pt too wide) in paragraph at lines 254--257
\T1/ppl/m/n/12 (-20) Im Fol-gen-den wer-den die An-for-de-run-gen ein-ge-teilt 
in funk-tio-na-le und nicht^^Ufunktionale
 []

<Bilder/TabAnforderungen.png, id=271, 692.5875pt x 670.505pt>
File: Bilder/TabAnforderungen.png Graphic file (type png)
<use Bilder/TabAnforderungen.png>
Package pdftex.def Info: Bilder/TabAnforderungen.png  used on input line 261.
(pdftex.def)             Requested size: 441.01773pt x 426.96298pt.

LaTeX Warning: `h' float specifier changed to `ht'.

Package babel Info: Redefining ngerman shorthand "|
(babel)             in language  on input line 268.
Package babel Info: Redefining ngerman shorthand "~
(babel)             in language  on input line 268.
LaTeX Font Info:    Try loading font information for OMS+ppl on input line 278.

(/usr/local/texlive/2018/texmf-dist/tex/latex/psnfss/omsppl.fd
File: omsppl.fd 
)
LaTeX Font Info:    Font shape `OMS/ppl/m/n' in size <12> not available
(Font)              Font shape `OMS/cmsy/m/n' tried instead on input line 278.
Package babel Info: Redefining ngerman shorthand "|
(babel)             in language  on input line 279.
Package babel Info: Redefining ngerman shorthand "~
(babel)             in language  on input line 279.
Package babel Info: Redefining ngerman shorthand "|
(babel)             in language  on input line 279.
Package babel Info: Redefining ngerman shorthand "~
(babel)             in language  on input line 279.
 [8

]
Underfull \hbox (badness 10000) in paragraph at lines 280--281

 []

Package babel Info: Redefining ngerman shorthand "|
(babel)             in language  on input line 282.
Package babel Info: Redefining ngerman shorthand "~
(babel)             in language  on input line 282.
Package babel Info: Redefining ngerman shorthand "|
(babel)             in language  on input line 282.
Package babel Info: Redefining ngerman shorthand "~
(babel)             in language  on input line 282.
[9 <./Bilder/TabAnforderungen.png>]
Package babel Info: Redefining ngerman shorthand "|
(babel)             in language  on input line 289.
Package babel Info: Redefining ngerman shorthand "~
(babel)             in language  on input line 289.
Package babel Info: Redefining ngerman shorthand "|
(babel)             in language  on input line 299.
Package babel Info: Redefining ngerman shorthand "~
(babel)             in language  on input line 299.
Package babel Info: Redefining ngerman shorthand "|
(babel)             in language  on input line 299.
Package babel Info: Redefining ngerman shorthand "~
(babel)             in language  on input line 299.
 [10]
Package babel Info: Redefining ngerman shorthand "|
(babel)             in language  on input line 302.
Package babel Info: Redefining ngerman shorthand "~
(babel)             in language  on input line 302.
Package babel Info: Redefining ngerman shorthand "|
(babel)             in language  on input line 302.
Package babel Info: Redefining ngerman shorthand "~
(babel)             in language  on input line 302.
 [11]
 4.
Package babel Info: Redefining ngerman shorthand "|
(babel)             in language  on input line 302.
Package babel Info: Redefining ngerman shorthand "~
(babel)             in language  on input line 302.
Package babel Info: Redefining ngerman shorthand "|
(babel)             in language  on input line 306.
Package babel Info: Redefining ngerman shorthand "~
(babel)             in language  on input line 306.
Package babel Info: Redefining ngerman shorthand "|
(babel)             in language  on input line 317.
Package babel Info: Redefining ngerman shorthand "~
(babel)             in language  on input line 317.
Package babel Info: Redefining ngerman shorthand "|
(babel)             in language  on input line 324.
Package babel Info: Redefining ngerman shorthand "~
(babel)             in language  on input line 324.
Package babel Info: Redefining ngerman shorthand "|
(babel)             in language  on input line 324.
Package babel Info: Redefining ngerman shorthand "~
(babel)             in language  on input line 324.
[12

]
<Bilder/HTMLcode.png, id=304, 454.3374pt x 189.3474pt>
File: Bilder/HTMLcode.png Graphic file (type png)
<use Bilder/HTMLcode.png>
Package pdftex.def Info: Bilder/HTMLcode.png  used on input line 336.
(pdftex.def)             Requested size: 396.91325pt x 165.42142pt.
Package babel Info: Redefining ngerman shorthand "|
(babel)             in language  on input line 342.
Package babel Info: Redefining ngerman shorthand "~
(babel)             in language  on input line 342.
Package babel Info: Redefining ngerman shorthand "|
(babel)             in language  on input line 342.
Package babel Info: Redefining ngerman shorthand "~
(babel)             in language  on input line 342.
 [13]
<Bilder/SoupMethoden.png, id=320, 454.3374pt x 152.2488pt>
File: Bilder/SoupMethoden.png Graphic file (type png)
<use Bilder/SoupMethoden.png>
Package pdftex.def Info: Bilder/SoupMethoden.png  used on input line 350.
(pdftex.def)             Requested size: 396.91325pt x 133.01059pt.
Package babel Info: Redefining ngerman shorthand "|
(babel)             in language  on input line 360.
Package babel Info: Redefining ngerman shorthand "~
(babel)             in language  on input line 360.
Package babel Info: Redefining ngerman shorthand "|
(babel)             in language  on input line 363.
Package babel Info: Redefining ngerman shorthand "~
(babel)             in language  on input line 363.
Package babel Info: Redefining ngerman shorthand "|
(babel)             in language  on input line 363.
Package babel Info: Redefining ngerman shorthand "~
(babel)             in language  on input line 363.
 [14 <./Bilder/HTMLcode.png> <./Bilder/SoupMethoden.png>]
Package babel Info: Redefining ngerman shorthand "|
(babel)             in language  on input line 365.
Package babel Info: Redefining ngerman shorthand "~
(babel)             in language  on input line 365.
Package babel Info: Redefining ngerman shorthand "|
(babel)             in language  on input line 369.
Package babel Info: Redefining ngerman shorthand "~
(babel)             in language  on input line 369.

Underfull \hbox (badness 10000) in paragraph at lines 370--378

 []

Package babel Info: Redefining ngerman shorthand "|
(babel)             in language  on input line 378.
Package babel Info: Redefining ngerman shorthand "~
(babel)             in language  on input line 378.
Package babel Info: Redefining ngerman shorthand "|
(babel)             in language  on input line 378.
Package babel Info: Redefining ngerman shorthand "~
(babel)             in language  on input line 378.
[15]
Package babel Info: Redefining ngerman shorthand "|
(babel)             in language  on input line 392.
Package babel Info: Redefining ngerman shorthand "~
(babel)             in language  on input line 392.

Underfull \hbox (badness 10000) in paragraph at lines 394--398

 []

Package babel Info: Redefining ngerman shorthand "|
(babel)             in language  on input line 398.
Package babel Info: Redefining ngerman shorthand "~
(babel)             in language  on input line 398.
Package babel Info: Redefining ngerman shorthand "|
(babel)             in language  on input line 398.
Package babel Info: Redefining ngerman shorthand "~
(babel)             in language  on input line 398.
[16]
LaTeX Font Info:    Font shape `OMS/ppl/m/n' in size <8> not available
(Font)              Font shape `OMS/cmsy/m/n' tried instead on input line 400.

Underfull \hbox (badness 10000) in paragraph at lines 408--415

 []


Underfull \hbox (badness 10000) in paragraph at lines 408--415

 []

Package babel Info: Redefining ngerman shorthand "|
(babel)             in language  on input line 416.
Package babel Info: Redefining ngerman shorthand "~
(babel)             in language  on input line 416.
Package babel Info: Redefining ngerman shorthand "|
(babel)             in language  on input line 416.
Package babel Info: Redefining ngerman shorthand "~
(babel)             in language  on input line 416.
[17]
<Bilder/reviewcontainer.png, id=364, 454.3374pt x 130.086pt>
File: Bilder/reviewcontainer.png Graphic file (type png)
<use Bilder/reviewcontainer.png>
Package pdftex.def Info: Bilder/reviewcontainer.png  used on input line 440.
(pdftex.def)             Requested size: 396.91325pt x 113.64828pt.

Overfull \hbox (38.03426pt too wide) in paragraph at lines 447--452
\T1/ppl/m/n/12 (-20) Diese neu aus-ge-le-se-ne URL wird bei je-dem Durch-lauf a
n die Me-tho-de \T1/ppl/m/it/12 (-20) get_single_review_data()
 []

Package babel Info: Redefining ngerman shorthand "|
(babel)             in language  on input line 452.
Package babel Info: Redefining ngerman shorthand "~
(babel)             in language  on input line 452.
Package babel Info: Redefining ngerman shorthand "|
(babel)             in language  on input line 452.
Package babel Info: Redefining ngerman shorthand "~
(babel)             in language  on input line 452.
[18 <./Bilder/reviewcontainer.png>]
Package babel Info: Redefining ngerman shorthand "|
(babel)             in language  on input line 455.
Package babel Info: Redefining ngerman shorthand "~
(babel)             in language  on input line 455.

Underfull \hbox (badness 10000) in paragraph at lines 457--461

 []

Package babel Info: Redefining ngerman shorthand "|
(babel)             in language  on input line 471.
Package babel Info: Redefining ngerman shorthand "~
(babel)             in language  on input line 471.
Package babel Info: Redefining ngerman shorthand "|
(babel)             in language  on input line 471.
Package babel Info: Redefining ngerman shorthand "~
(babel)             in language  on input line 471.
[19]
Underfull \hbox (badness 10000) in paragraph at lines 480--483

 []


Underfull \hbox (badness 10000) in paragraph at lines 490--493

 []

Package babel Info: Redefining ngerman shorthand "|
(babel)             in language  on input line 493.
Package babel Info: Redefining ngerman shorthand "~
(babel)             in language  on input line 493.
Package babel Info: Redefining ngerman shorthand "|
(babel)             in language  on input line 493.
Package babel Info: Redefining ngerman shorthand "~
(babel)             in language  on input line 493.
[20]
Package babel Info: Redefining ngerman shorthand "|
(babel)             in language  on input line 505.
Package babel Info: Redefining ngerman shorthand "~
(babel)             in language  on input line 505.
Package babel Info: Redefining ngerman shorthand "|
(babel)             in language  on input line 511.
Package babel Info: Redefining ngerman shorthand "~
(babel)             in language  on input line 511.
Package babel Info: Redefining ngerman shorthand "|
(babel)             in language  on input line 530.
Package babel Info: Redefining ngerman shorthand "~
(babel)             in language  on input line 530.
Package babel Info: Redefining ngerman shorthand "|
(babel)             in language  on input line 530.
Package babel Info: Redefining ngerman shorthand "~
(babel)             in language  on input line 530.
 [21]
Package babel Info: Redefining ngerman shorthand "|
(babel)             in language  on input line 538.
Package babel Info: Redefining ngerman shorthand "~
(babel)             in language  on input line 538.

Underfull \hbox (badness 10000) in paragraph at lines 540--553

 []


Underfull \hbox (badness 10000) in paragraph at lines 540--553

 []


Underfull \hbox (badness 10000) in paragraph at lines 540--553

 []

Package babel Info: Redefining ngerman shorthand "|
(babel)             in language  on input line 553.
Package babel Info: Redefining ngerman shorthand "~
(babel)             in language  on input line 553.
Package babel Info: Redefining ngerman shorthand "|
(babel)             in language  on input line 553.
Package babel Info: Redefining ngerman shorthand "~
(babel)             in language  on input line 553.
[22]
Package babel Info: Redefining ngerman shorthand "|
(babel)             in language  on input line 555.
Package babel Info: Redefining ngerman shorthand "~
(babel)             in language  on input line 555.
Package babel Info: Redefining ngerman shorthand "|
(babel)             in language  on input line 560.
Package babel Info: Redefining ngerman shorthand "~
(babel)             in language  on input line 560.
LaTeX Font Info:    Font shape `T1/ppl/bx/n' in size <6> not available
(Font)              Font shape `T1/ppl/b/n' tried instead on input line 570.
Package babel Info: Redefining ngerman shorthand "|
(babel)             in language  on input line 624.
Package babel Info: Redefining ngerman shorthand "~
(babel)             in language  on input line 624.
Package babel Info: Redefining ngerman shorthand "|
(babel)             in language  on input line 624.
Package babel Info: Redefining ngerman shorthand "~
(babel)             in language  on input line 624.
 [23]
Package babel Info: Redefining ngerman shorthand "|
(babel)             in language  on input line 641.
Package babel Info: Redefining ngerman shorthand "~
(babel)             in language  on input line 641.

Underfull \hbox (badness 10000) in paragraph at lines 643--646

 []

Package babel Info: Redefining ngerman shorthand "|
(babel)             in language  on input line 653.
Package babel Info: Redefining ngerman shorthand "~
(babel)             in language  on input line 653.

Underfull \hbox (badness 10000) in paragraph at lines 655--657

 []

Package babel Info: Redefining ngerman shorthand "|
(babel)             in language  on input line 657.
Package babel Info: Redefining ngerman shorthand "~
(babel)             in language  on input line 657.
Package babel Info: Redefining ngerman shorthand "|
(babel)             in language  on input line 657.
Package babel Info: Redefining ngerman shorthand "~
(babel)             in language  on input line 657.
[24]
Package babel Info: Redefining ngerman shorthand "|
(babel)             in language  on input line 681.
Package babel Info: Redefining ngerman shorthand "~
(babel)             in language  on input line 681.
Package babel Info: Redefining ngerman shorthand "|
(babel)             in language  on input line 681.
Package babel Info: Redefining ngerman shorthand "~
(babel)             in language  on input line 681.
 [25]
Package babel Info: Redefining ngerman shorthand "|
(babel)             in language  on input line 689.
Package babel Info: Redefining ngerman shorthand "~
(babel)             in language  on input line 689.
Package babel Info: Redefining ngerman shorthand "|
(babel)             in language  on input line 693.
Package babel Info: Redefining ngerman shorthand "~
(babel)             in language  on input line 693.
<Bilder/mock-up.png, id=478, 454.8192pt x 186.4566pt>
File: Bilder/mock-up.png Graphic file (type png)
<use Bilder/mock-up.png>
Package pdftex.def Info: Bilder/mock-up.png  used on input line 699.
(pdftex.def)             Requested size: 396.91325pt x 162.71951pt.
Package babel Info: Redefining ngerman shorthand "|
(babel)             in language  on input line 709.
Package babel Info: Redefining ngerman shorthand "~
(babel)             in language  on input line 709.
Package babel Info: Redefining ngerman shorthand "|
(babel)             in language  on input line 709.
Package babel Info: Redefining ngerman shorthand "~
(babel)             in language  on input line 709.
 [26 <./Bilder/mock-up.png>]
Package babel Info: Redefining ngerman shorthand "|
(babel)             in language  on input line 715.
Package babel Info: Redefining ngerman shorthand "~
(babel)             in language  on input line 715.
<Bilder/GUI.png, id=487, 454.8192pt x 96.8418pt>
File: Bilder/GUI.png Graphic file (type png)
<use Bilder/GUI.png>
Package pdftex.def Info: Bilder/GUI.png  used on input line 721.
(pdftex.def)             Requested size: 396.91325pt x 84.51321pt.
Package babel Info: Redefining ngerman shorthand "|
(babel)             in language  on input line 731.
Package babel Info: Redefining ngerman shorthand "~
(babel)             in language  on input line 731.
Package babel Info: Redefining ngerman shorthand "|
(babel)             in language  on input line 731.
Package babel Info: Redefining ngerman shorthand "~
(babel)             in language  on input line 731.
 [27 <./Bilder/GUI.png>]
Package babel Info: Redefining ngerman shorthand "|
(babel)             in language  on input line 739.
Package babel Info: Redefining ngerman shorthand "~
(babel)             in language  on input line 739.
Package babel Info: Redefining ngerman shorthand "|
(babel)             in language  on input line 739.
Package babel Info: Redefining ngerman shorthand "~
(babel)             in language  on input line 739.
 [28]
 5.
Package babel Info: Redefining ngerman shorthand "|
(babel)             in language  on input line 739.
Package babel Info: Redefining ngerman shorthand "~
(babel)             in language  on input line 739.

Overfull \hbox (0.30214pt too wide) in paragraph at lines 739--739
|[]\T1/ppl/b/n/24.88 Web Scra-per an-hand ei-nes Bei-spiels| 
 []

<Bilder/ScreenshotSollnerHof.png, id=501, 454.3374pt x 204.2832pt>
File: Bilder/ScreenshotSollnerHof.png Graphic file (type png)
<use Bilder/ScreenshotSollnerHof.png>
Package pdftex.def Info: Bilder/ScreenshotSollnerHof.png  used on input line 74
6.
(pdftex.def)             Requested size: 441.01773pt x 198.30406pt.
<Bilder/GUISollnerHof.png, id=503, 454.3374pt x 82.8696pt>
File: Bilder/GUISollnerHof.png Graphic file (type png)
<use Bilder/GUISollnerHof.png>
Package pdftex.def Info: Bilder/GUISollnerHof.png  used on input line 760.
(pdftex.def)             Requested size: 441.01773pt x 80.44408pt.
Package babel Info: Redefining ngerman shorthand "|
(babel)             in language  on input line 768.
Package babel Info: Redefining ngerman shorthand "~
(babel)             in language  on input line 768.
Package babel Info: Redefining ngerman shorthand "|
(babel)             in language  on input line 768.
Package babel Info: Redefining ngerman shorthand "~
(babel)             in language  on input line 768.
[29

 <./Bilder/ScreenshotSollnerHof.png> <./Bilder/GUISollnerHof.png>]
<Bilder/PreviewSollnerHof.png, id=512, 214.401pt x 38.0622pt>
File: Bilder/PreviewSollnerHof.png Graphic file (type png)
<use Bilder/PreviewSollnerHof.png>
Package pdftex.def Info: Bilder/PreviewSollnerHof.png  used on input line 772.
(pdftex.def)             Requested size: 198.45662pt x 35.2331pt.
<Bilder/JSONRestaurant.png, id=513, 250.536pt x 102.1416pt>
File: Bilder/JSONRestaurant.png Graphic file (type png)
<use Bilder/JSONRestaurant.png>
Package pdftex.def Info: Bilder/JSONRestaurant.png  used on input line 787.
(pdftex.def)             Requested size: 308.71106pt x 125.86096pt.
<Bilder/JSONReview.png, id=514, 350.2686pt x 65.043pt>
File: Bilder/JSONReview.png Graphic file (type png)
<use Bilder/JSONReview.png>
Package pdftex.def Info: Bilder/JSONReview.png  used on input line 799.
(pdftex.def)             Requested size: 396.91325pt x 73.70811pt.
<Bilder/JSONUser.png, id=515, 107.9232pt x 52.998pt>
File: Bilder/JSONUser.png Graphic file (type png)
<use Bilder/JSONUser.png>
Package pdftex.def Info: Bilder/JSONUser.png  used on input line 810.
(pdftex.def)             Requested size: 132.30666pt x 64.97203pt.
Package babel Info: Redefining ngerman shorthand "|
(babel)             in language  on input line 816.
Package babel Info: Redefining ngerman shorthand "~
(babel)             in language  on input line 816.
Package babel Info: Redefining ngerman shorthand "|
(babel)             in language  on input line 816.
Package babel Info: Redefining ngerman shorthand "~
(babel)             in language  on input line 816.
 [30 <./Bilder/PreviewSollnerHof.png> <./Bilder/JSONRestaurant.png> <./Bilder/J
SONReview.png>]
<Bilder/JSONPic.png, id=526, 454.3374pt x 55.8888pt>
File: Bilder/JSONPic.png Graphic file (type png)
<use Bilder/JSONPic.png>
Package pdftex.def Info: Bilder/JSONPic.png  used on input line 821.
(pdftex.def)             Requested size: 441.01773pt x 54.25298pt.
Package babel Info: Redefining ngerman shorthand "|
(babel)             in language  on input line 830.
Package babel Info: Redefining ngerman shorthand "~
(babel)             in language  on input line 830.
Package babel Info: Redefining ngerman shorthand "|
(babel)             in language  on input line 830.
Package babel Info: Redefining ngerman shorthand "~
(babel)             in language  on input line 830.
 [31 <./Bilder/JSONUser.png> <./Bilder/JSONPic.png>]
 6.
Package babel Info: Redefining ngerman shorthand "|
(babel)             in language  on input line 830.
Package babel Info: Redefining ngerman shorthand "~
(babel)             in language  on input line 830.
<Bilder/TabErfuellt.png, id=535, 698.61pt x 176.66pt>
File: Bilder/TabErfuellt.png Graphic file (type png)
<use Bilder/TabErfuellt.png>
Package pdftex.def Info: Bilder/TabErfuellt.png  used on input line 835.
(pdftex.def)             Requested size: 396.91325pt x 100.36838pt.
Package babel Info: Redefining ngerman shorthand "|
(babel)             in language  on input line 842.
Package babel Info: Redefining ngerman shorthand "~
(babel)             in language  on input line 842.
Package babel Info: Redefining ngerman shorthand "|
(babel)             in language  on input line 855.
Package babel Info: Redefining ngerman shorthand "~
(babel)             in language  on input line 855.
Package babel Info: Redefining ngerman shorthand "|
(babel)             in language  on input line 857.
Package babel Info: Redefining ngerman shorthand "~
(babel)             in language  on input line 857.
Package babel Info: Redefining ngerman shorthand "|
(babel)             in language  on input line 857.
Package babel Info: Redefining ngerman shorthand "~
(babel)             in language  on input line 857.
[32

 <./Bilder/TabErfuellt.png>]
Package babel Info: Redefining ngerman shorthand "|
(babel)             in language  on input line 862.
Package babel Info: Redefining ngerman shorthand "~
(babel)             in language  on input line 862.
Package babel Info: Redefining ngerman shorthand "|
(babel)             in language  on input line 862.
Package babel Info: Redefining ngerman shorthand "~
(babel)             in language  on input line 862.
 [33]
 7.
Package babel Info: Redefining ngerman shorthand "|
(babel)             in language  on input line 862.
Package babel Info: Redefining ngerman shorthand "~
(babel)             in language  on input line 862.
Package babel Info: Redefining ngerman shorthand "|
(babel)             in language  on input line 876.
Package babel Info: Redefining ngerman shorthand "~
(babel)             in language  on input line 876.
Package babel Info: Redefining ngerman shorthand "|
(babel)             in language  on input line 876.
Package babel Info: Redefining ngerman shorthand "~
(babel)             in language  on input line 876.
[34

]
Package babel Info: Redefining ngerman shorthand "|
(babel)             in language  on input line 877.
Package babel Info: Redefining ngerman shorthand "~
(babel)             in language  on input line 877.
 (./Webscraper_TripAdvisor_Studienarbeit.lof)
\tf@lof=\write6
\openout6 = `Webscraper_TripAdvisor_Studienarbeit.lof'.

Package babel Info: Redefining ngerman shorthand "|
(babel)             in language  on input line 883.
Package babel Info: Redefining ngerman shorthand "~
(babel)             in language  on input line 883.
Package babel Info: Redefining ngerman shorthand "|
(babel)             in language  on input line 883.
Package babel Info: Redefining ngerman shorthand "~
(babel)             in language  on input line 883.
 [35


]
Package babel Info: Redefining ngerman shorthand "|
(babel)             in language  on input line 885.
Package babel Info: Redefining ngerman shorthand "~
(babel)             in language  on input line 885.

(./Webscraper_TripAdvisor_Studienarbeit.lol)
\tf@lol=\write7
\openout7 = `Webscraper_TripAdvisor_Studienarbeit.lol'.

Package babel Info: Redefining ngerman shorthand "|
(babel)             in language  on input line 914.
Package babel Info: Redefining ngerman shorthand "~
(babel)             in language  on input line 914.
Package babel Info: Redefining ngerman shorthand "|
(babel)             in language  on input line 914.
Package babel Info: Redefining ngerman shorthand "~
(babel)             in language  on input line 914.
 [36


]
Package babel Info: Redefining ngerman shorthand "|
(babel)             in language  on input line 915.
Package babel Info: Redefining ngerman shorthand "~
(babel)             in language  on input line 915.
LaTeX Font Info:    Try loading font information for T1+cmtt on input line 920.


(/usr/local/texlive/2018/texmf-dist/tex/latex/base/t1cmtt.fd
File: t1cmtt.fd 2014/09/29 v2.5h Standard LaTeX font definitions
)
Package microtype Info: Loading generic protrusion settings for font family
(microtype)             `cmtt' (encoding: T1).
(microtype)             For optimal results, create family-specific settings.
(microtype)             See the microtype manual for details.

Underfull \hbox (badness 10000) in paragraph at lines 936--937
[][]$\T1/cmtt/m/n/12 http : / / www . vfm-[]online . de / weblog / wp-[]content
 / uploads / 2014 / 01 /
 []


Underfull \hbox (badness 2277) in paragraph at lines 939--940
\T1/cmtt/m/n/12 a-[]beginners-[]guide-[]to-[]web-[]scraping-[]part-[]1-[]the-[]
basics/$[][]\T1/ppl/m/n/12 (+20) , auf-ge-ru-fen am
 []

Package babel Info: Redefining ngerman shorthand "|
(babel)             in language  on input line 940.
Package babel Info: Redefining ngerman shorthand "~
(babel)             in language  on input line 940.
Package babel Info: Redefining ngerman shorthand "|
(babel)             in language  on input line 940.
Package babel Info: Redefining ngerman shorthand "~
(babel)             in language  on input line 940.
[37


]
Underfull \hbox (badness 10000) in paragraph at lines 942--944
\T1/ppl/m/n/12 (+20) Restaurant Soll-ner Hof, [][]$\T1/cmtt/m/n/12 https : / / 
www . tripadvisor . de / Restaurant _
 []


Underfull \hbox (badness 10000) in paragraph at lines 942--944
\T1/cmtt/m/n/12 Review-[]g187309-[]d983126-[]Reviews-[]Sollner _ Hof-[]Munich _
 Upper _ Bavaria _
 []


Underfull \hbox (badness 10000) in paragraph at lines 947--948
[][]$\T1/cmtt/m/n/12 https : / / de . statista . com / statistik / daten / stud
ie / 543148 / umfrage /
 []


Underfull \hbox (badness 10000) in paragraph at lines 947--948
\T1/cmtt/m/n/12 umsatz-[]von-[]tripadvisor-[]weltweit-[]nach-[]quartalen/$[][]\
T1/ppl/m/n/12 (+20) , auf-ge-ru-fen am 2.
 []


Underfull \hbox (badness 3343) in paragraph at lines 957--958
[][]$\T1/cmtt/m/n/12 http : / / www . crummy . com / software / BeautifulSoup /
 bs4 / doc/$[][] \T1/ppl/m/n/12 (+20) auf-ge-ru-fen am
 []

Package babel Info: Redefining ngerman shorthand "|
(babel)             in language  on input line 964.
Package babel Info: Redefining ngerman shorthand "~
(babel)             in language  on input line 964.
Package babel Info: Redefining ngerman shorthand "|
(babel)             in language  on input line 964.
Package babel Info: Redefining ngerman shorthand "~
(babel)             in language  on input line 964.
[38]
Package babel Info: Redefining ngerman shorthand "|
(babel)             in language  on input line 976.
Package babel Info: Redefining ngerman shorthand "~
(babel)             in language  on input line 976.
Package babel Info: Redefining ngerman shorthand "|
(babel)             in language  on input line 976.
Package babel Info: Redefining ngerman shorthand "~
(babel)             in language  on input line 976.
 [39]
Underfull \hbox (badness 10000) in paragraph at lines 980--984

 []


Underfull \hbox (badness 10000) in paragraph at lines 980--984

 []

Package babel Info: Redefining ngerman shorthand "|
(babel)             in language  on input line 993.
Package babel Info: Redefining ngerman shorthand "~
(babel)             in language  on input line 993.
Package atveryend Info: Empty hook `BeforeClearDocument' on input line 996.
Package babel Info: Redefining ngerman shorthand "|
(babel)             in language  on input line 996.
Package babel Info: Redefining ngerman shorthand "~
(babel)             in language  on input line 996.
Package babel Info: Redefining ngerman shorthand "|
(babel)             in language  on input line 996.
Package babel Info: Redefining ngerman shorthand "~
(babel)             in language  on input line 996.
[40

]
Package atveryend Info: Empty hook `AfterLastShipout' on input line 996.
 (./Webscraper_TripAdvisor_Studienarbeit.aux (./Deckblatt/deckblatt.aux))
Package atveryend Info: Executing hook `AtVeryEndDocument' on input line 996.
Package atveryend Info: Executing hook `AtEndAfterFileList' on input line 996.
Package rerunfilecheck Info: File `Webscraper_TripAdvisor_Studienarbeit.out' ha
s not changed.
(rerunfilecheck)             Checksum: 0EE129DB150CDF92388AF8B9C369A972;3058.


LaTeX Warning: There were multiply-defined labels.

Package atveryend Info: Empty hook `AtVeryVeryEnd' on input line 996.
 ) 
Here is how much of TeX's memory you used:
 14200 strings out of 492649
 211283 string characters out of 6129623
 489656 words of memory out of 5000000
 17412 multiletter control sequences out of 15000+600000
 46587 words of font info for 198 fonts, out of 8000000 for 9000
 1141 hyphenation exceptions out of 8191
 36i,12n,58p,1145b,1250s stack positions out of 5000i,500n,10000p,200000b,80000s
{/usr/local/texlive/2018/texmf-dist/fonts/enc/dvips/cm-super/cm-super-t1.enc}
{/usr/local/texlive/2018/texmf-dist/fonts/enc/dvips/base/8r.enc}</usr/local/tex
live/2018/texmf-dist/fonts/type1/public/amsfonts/cm/cmsy10.pfb></usr/local/texl
ive/2018/texmf-dist/fonts/type1/public/amsfonts/cm/cmsy8.pfb></usr/local/texliv
e/2018/texmf-dist/fonts/type1/public/cm-super/sftt1200.pfb></usr/local/texlive/
2018/texmf-dist/fonts/type1/urw/palatino/uplb8a.pfb></usr/local/texlive/2018/te
xmf-dist/fonts/type1/urw/palatino/uplr8a.pfb></usr/local/texlive/2018/texmf-dis
t/fonts/type1/urw/palatino/uplri8a.pfb>
Output written on Webscraper_TripAdvisor_Studienarbeit.pdf (43 pages, 2101732 b
ytes).
PDF statistics:
 703 PDF objects out of 1000 (max. 8388607)
 610 compressed objects within 7 object streams
 206 named destinations out of 1000 (max. 500000)
 29571 words of extra memory for PDF output out of 29859 (max. 10000000)

